<?xml version="1.0" encoding="UTF-8"?>
<testsuite name="nicol.lab.repository.ProductRepJsonTest" tests="1" skipped="0" failures="0" errors="0" timestamp="2024-11-06T10:30:35" hostname="laptop" time="0.024">
  <properties/>
  <testcase name="[1] nicol.lab.repository.Product_rep_json@2e2ff723, /tmp/3499974191374922902.tmp, 1000, 1000" classname="nicol.lab.repository.ProductRepJsonTest" time="0.024"/>
  <system-out><![CDATA[]]></system-out>
  <system-err><![CDATA[SLF4J(I): Connected with provider of type [ch.qos.logback.classic.spi.LogbackServiceProvider]
]]></system-err>
</testsuite>
